# JRE version: Java(TM) SE Runtime Environment (8.0_144-b01) (build 1.8.0_144-b01)
# Java VM: Java HotSpot(TM) 64-Bit Server VM (25.144-b01 mixed mode bsd-amd64 compressed oops)
Heap:
 PSYoungGen      total 135168K, used 124158K [0x00000007aab00000, 0x00000007b4a80000, 0x00000007c0000000)
  eden space 125952K, 91% used [0x00000007aab00000,0x00000007b1b41c60,0x00000007b2600000)
  from space 9216K, 99% used [0x00000007b2600000,0x00000007b2efdd50,0x00000007b2f00000)
  to   space 12288K, 0% used [0x00000007b3e80000,0x00000007b3e80000,0x00000007b4a80000)
 ParOldGen       total 34816K, used 14801K [0x0000000780000000, 0x0000000782200000, 0x00000007aab00000)
  object space 34816K, 42% used [0x0000000780000000,0x0000000780e747e0,0x0000000782200000)
 Metaspace       used 33777K, capacity 34188K, committed 34560K, reserved 1079296K
  class space    used 4202K, capacity 4301K, committed 4352K, reserved 1048576K
GC Heap History (10 events):
Event: 2.002 GC heap before
{Heap before GC invocations=6 (full 0):
 PSYoungGen      total 35328K, used 35298K [0x00000007aab00000, 0x00000007af800000, 0x00000007c0000000)
  eden space 32768K, 100% used [0x00000007aab00000,0x00000007acb00000,0x00000007acb00000)
  from space 2560K, 98% used [0x00000007acb00000,0x00000007acd78bf0,0x00000007acd80000)
  to   space 6656K, 0% used [0x00000007af180000,0x00000007af180000,0x00000007af800000)
 ParOldGen       total 44032K, used 8583K [0x0000000780000000, 0x0000000782b00000, 0x00000007aab00000)
  object space 44032K, 19% used [0x0000000780000000,0x0000000780861d58,0x0000000782b00000)
 Metaspace       used 20098K, capacity 20394K, committed 20608K, reserved 1067008K
  class space    used 2467K, capacity 2570K, committed 2688K, reserved 1048576K
Event: 2.013 GC heap after
Heap after GC invocations=6 (full 0):
 PSYoungGen      total 71680K, used 5805K [0x00000007aab00000, 0x00000007af900000, 0x00000007c0000000)
  eden space 65024K, 0% used [0x00000007aab00000,0x00000007aab00000,0x00000007aea80000)
  from space 6656K, 87% used [0x00000007af180000,0x00000007af72b740,0x00000007af800000)
  to   space 7168K, 0% used [0x00000007aea80000,0x00000007aea80000,0x00000007af180000)
 ParOldGen       total 44032K, used 8591K [0x0000000780000000, 0x0000000782b00000, 0x00000007aab00000)
  object space 44032K, 19% used [0x0000000780000000,0x0000000780863d58,0x0000000782b00000)
 Metaspace       used 20098K, capacity 20394K, committed 20608K, reserved 1067008K
  class space    used 2467K, capacity 2570K, committed 2688K, reserved 1048576K
}
Event: 2.153 GC heap before
{Heap before GC invocations=7 (full 0):
 PSYoungGen      total 71680K, used 13361K [0x00000007aab00000, 0x00000007af900000, 0x00000007c0000000)
  eden space 65024K, 11% used [0x00000007aab00000,0x00000007ab260f48,0x00000007aea80000)
  from space 6656K, 87% used [0x00000007af180000,0x00000007af72b740,0x00000007af800000)
  to   space 7168K, 0% used [0x00000007aea80000,0x00000007aea80000,0x00000007af180000)
 ParOldGen       total 44032K, used 8591K [0x0000000780000000, 0x0000000782b00000, 0x00000007aab00000)
  object space 44032K, 19% used [0x0000000780000000,0x0000000780863d58,0x0000000782b00000)
 Metaspace       used 20845K, capacity 21104K, committed 21296K, reserved 1069056K
  class space    used 2560K, capacity 2635K, committed 2688K, reserved 1048576K
Event: 2.164 GC heap after
Heap after GC invocations=7 (full 0):
 PSYoungGen      total 72192K, used 3475K [0x00000007aab00000, 0x00000007b3800000, 0x00000007c0000000)
  eden space 65024K, 0% used [0x00000007aab00000,0x00000007aab00000,0x00000007aea80000)
  from space 7168K, 48% used [0x00000007aea80000,0x00000007aede4fc0,0x00000007af180000)
  to   space 7168K, 0% used [0x00000007b3100000,0x00000007b3100000,0x00000007b3800000)
 ParOldGen       total 44032K, used 9641K [0x0000000780000000, 0x0000000782b00000, 0x00000007aab00000)
  object space 44032K, 21% used [0x0000000780000000,0x000000078096a5a8,0x0000000782b00000)
 Metaspace       used 20845K, capacity 21104K, committed 21296K, reserved 1069056K
  class space    used 2560K, capacity 2635K, committed 2688K, reserved 1048576K
}
Event: 2.164 GC heap before
{Heap before GC invocations=8 (full 1):
 PSYoungGen      total 72192K, used 3475K [0x00000007aab00000, 0x00000007b3800000, 0x00000007c0000000)
  eden space 65024K, 0% used [0x00000007aab00000,0x00000007aab00000,0x00000007aea80000)
  from space 7168K, 48% used [0x00000007aea80000,0x00000007aede4fc0,0x00000007af180000)
  to   space 7168K, 0% used [0x00000007b3100000,0x00000007b3100000,0x00000007b3800000)
 ParOldGen       total 44032K, used 9641K [0x0000000780000000, 0x0000000782b00000, 0x00000007aab00000)
  object space 44032K, 21% used [0x0000000780000000,0x000000078096a5a8,0x0000000782b00000)
 Metaspace       used 20845K, capacity 21104K, committed 21296K, reserved 1069056K
  class space    used 2560K, capacity 2635K, committed 2688K, reserved 1048576K
Event: 2.212 GC heap after
Heap after GC invocations=8 (full 1):
 PSYoungGen      total 72192K, used 0K [0x00000007aab00000, 0x00000007b3800000, 0x00000007c0000000)
  eden space 65024K, 0% used [0x00000007aab00000,0x00000007aab00000,0x00000007aea80000)
  from space 7168K, 0% used [0x00000007aea80000,0x00000007aea80000,0x00000007af180000)
  to   space 7168K, 0% used [0x00000007b3100000,0x00000007b3100000,0x00000007b3800000)
 ParOldGen       total 34816K, used 7916K [0x0000000780000000, 0x0000000782200000, 0x00000007aab00000)
  object space 34816K, 22% used [0x0000000780000000,0x00000007807bb260,0x0000000782200000)
 Metaspace       used 20845K, capacity 21104K, committed 21296K, reserved 1069056K
  class space    used 2560K, capacity 2635K, committed 2688K, reserved 1048576K
}
Event: 3.081 GC heap before
{Heap before GC invocations=9 (full 1):
 PSYoungGen      total 72192K, used 65024K [0x00000007aab00000, 0x00000007b3800000, 0x00000007c0000000)
  eden space 65024K, 100% used [0x00000007aab00000,0x00000007aea80000,0x00000007aea80000)
  from space 7168K, 0% used [0x00000007aea80000,0x00000007aea80000,0x00000007af180000)
  to   space 7168K, 0% used [0x00000007b3100000,0x00000007b3100000,0x00000007b3800000)
 ParOldGen       total 34816K, used 7916K [0x0000000780000000, 0x0000000782200000, 0x00000007aab00000)
  object space 34816K, 22% used [0x0000000780000000,0x00000007807bb260,0x0000000782200000)
 Metaspace       used 25747K, capacity 26018K, committed 26368K, reserved 1073152K
  class space    used 3171K, capacity 3246K, committed 3328K, reserved 1048576K
Event: 3.097 GC heap after
Heap after GC invocations=9 (full 1):
 PSYoungGen      total 110592K, used 7144K [0x00000007aab00000, 0x00000007b3800000, 0x00000007c0000000)
  eden space 103424K, 0% used [0x00000007aab00000,0x00000007aab00000,0x00000007b1000000)
  from space 7168K, 99% used [0x00000007b3100000,0x00000007b37fa060,0x00000007b3800000)
  to   space 9216K, 0% used [0x00000007b2600000,0x00000007b2600000,0x00000007b2f00000)
 ParOldGen       total 34816K, used 10479K [0x0000000780000000, 0x0000000782200000, 0x00000007aab00000)
  object space 34816K, 30% used [0x0000000780000000,0x0000000780a3be58,0x0000000782200000)
 Metaspace       used 25747K, capacity 26018K, committed 26368K, reserved 1073152K
  class space    used 3171K, capacity 3246K, committed 3328K, reserved 1048576K
}
Event: 4.198 GC heap before
{Heap before GC invocations=10 (full 1):
 PSYoungGen      total 110592K, used 110568K [0x00000007aab00000, 0x00000007b3800000, 0x00000007c0000000)
  eden space 103424K, 100% used [0x00000007aab00000,0x00000007b1000000,0x00000007b1000000)
  from space 7168K, 99% used [0x00000007b3100000,0x00000007b37fa060,0x00000007b3800000)
  to   space 9216K, 0% used [0x00000007b2600000,0x00000007b2600000,0x00000007b2f00000)
 ParOldGen       total 34816K, used 10479K [0x0000000780000000, 0x0000000782200000, 0x00000007aab00000)
  object space 34816K, 30% used [0x0000000780000000,0x0000000780a3be58,0x0000000782200000)
 Metaspace       used 28846K, capacity 29170K, committed 29312K, reserved 1075200K
  class space    used 3579K, capacity 3654K, committed 3712K, reserved 1048576K
Event: 4.217 GC heap after
Heap after GC invocations=10 (full 1):
 PSYoungGen      total 135168K, used 9207K [0x00000007aab00000, 0x00000007b4a80000, 0x00000007c0000000)
  eden space 125952K, 0% used [0x00000007aab00000,0x00000007aab00000,0x00000007b2600000)
  from space 9216K, 99% used [0x00000007b2600000,0x00000007b2efdd50,0x00000007b2f00000)
  to   space 12288K, 0% used [0x00000007b3e80000,0x00000007b3e80000,0x00000007b4a80000)
 ParOldGen       total 34816K, used 14801K [0x0000000780000000, 0x0000000782200000, 0x00000007aab00000)
  object space 34816K, 42% used [0x0000000780000000,0x0000000780e747e0,0x0000000782200000)
 Metaspace       used 28846K, capacity 29170K, committed 29312K, reserved 1075200K
  class space    used 3579K, capacity 3654K, committed 3712K, reserved 1048576K
}

